<?xml version="1.0" encoding="UTF-8"?>
<testng-results ignored="0" total="1" passed="1" failed="0" skipped="0">
  <reporter-output>
  </reporter-output>
  <suite started-at="2025-08-15T13:45:25 IST" name="Default suite" finished-at="2025-08-15T13:45:48 IST" duration-ms="23395">
    <groups>
    </groups>
    <test started-at="2025-08-15T13:45:25 IST" name="Default test" finished-at="2025-08-15T13:45:48 IST" duration-ms="23395">
      <class name="contacts.TC_VT_001_Test">
        <test-method is-config="true" signature="reportCnfig()[pri:0, instance:contacts.TC_VT_001_Test@139982de]" started-at="2025-08-15T13:45:24 IST" name="reportCnfig" finished-at="2025-08-15T13:45:25 IST" duration-ms="475" status="PASS">
          <reporter-output>
          </reporter-output>
        </test-method> <!-- reportCnfig -->
        <test-method is-config="true" signature="openBrowser()[pri:0, instance:contacts.TC_VT_001_Test@139982de]" started-at="2025-08-15T13:45:25 IST" name="openBrowser" finished-at="2025-08-15T13:45:29 IST" duration-ms="4399" status="PASS">
          <reporter-output>
          </reporter-output>
        </test-method> <!-- openBrowser -->
        <test-method is-config="true" signature="login()[pri:0, instance:contacts.TC_VT_001_Test@139982de]" started-at="2025-08-15T13:45:29 IST" name="login" finished-at="2025-08-15T13:45:34 IST" duration-ms="4944" status="PASS">
          <reporter-output>
          </reporter-output>
        </test-method> <!-- login -->
        <test-method signature="clickOnContacts()[pri:0, instance:contacts.TC_VT_001_Test@139982de]" started-at="2025-08-15T13:45:34 IST" name="clickOnContacts" finished-at="2025-08-15T13:45:43 IST" duration-ms="8363" status="PASS">
          <reporter-output>
          </reporter-output>
        </test-method> <!-- clickOnContacts -->
        <test-method is-config="true" signature="Logout()[pri:0, instance:contacts.TC_VT_001_Test@139982de]" started-at="2025-08-15T13:45:43 IST" name="Logout" finished-at="2025-08-15T13:45:48 IST" duration-ms="5248" status="PASS">
          <reporter-output>
          </reporter-output>
        </test-method> <!-- Logout -->
        <test-method is-config="true" signature="closeBrowser()[pri:0, instance:contacts.TC_VT_001_Test@139982de]" started-at="2025-08-15T13:45:48 IST" name="closeBrowser" finished-at="2025-08-15T13:45:48 IST" duration-ms="347" status="PASS">
          <reporter-output>
          </reporter-output>
        </test-method> <!-- closeBrowser -->
        <test-method is-config="true" signature="reportBackup()[pri:0, instance:contacts.TC_VT_001_Test@139982de]" started-at="2025-08-15T13:45:48 IST" name="reportBackup" finished-at="2025-08-15T13:45:49 IST" duration-ms="1053" status="PASS">
          <reporter-output>
          </reporter-output>
        </test-method> <!-- reportBackup -->
      </class> <!-- contacts.TC_VT_001_Test -->
    </test> <!-- Default test -->
  </suite> <!-- Default suite -->
</testng-results>
